<?xml version="1.0" encoding="UTF-8"?>
<robot generator="Robot 6.0 (Python 3.10.8 on win32)" generated="20221107 18:53:46.541" rpa="false" schemaversion="3">
<suite id="s1" name="Govtech-Testassignment-Sagarv" source="C:\SagarV\Projects\govtech-testassignment-sagarv">
<suite id="s1-s1" name="Api-Tests" source="C:\SagarV\Projects\govtech-testassignment-sagarv\api-tests">
<suite id="s1-s1-s1" name="Get Tax Relief" source="C:\SagarV\Projects\govtech-testassignment-sagarv\api-tests\get_tax_relief.robot">
<test id="s1-s1-s1-t1" name="Verify Tax Relief schema" line="13">
<kw name="Create Session" library="RequestsLibrary">
<arg>session</arg>
<arg>${app_url}</arg>
<doc>Create Session: create a HTTP session to a server</doc>
<msg timestamp="20221107 18:53:47.040" level="INFO">Creating Session using : alias=session, url=http://localhost:8080, headers={},                     cookies={}, auth=None, timeout=None, proxies=None, verify=False,                     debug=0 </msg>
<status status="PASS" starttime="20221107 18:53:47.036" endtime="20221107 18:53:47.040"/>
</kw>
<kw name="Load Json From File" library="JSONLibrary">
<var>${json_obj}</var>
<arg>.//test-data//verify_tax_relief.json</arg>
<doc>Load JSON from file.</doc>
<msg timestamp="20221107 18:53:47.040" level="INFO">${json_obj} = [{'birthday': '11102000', 'gender': 'M', 'name': 'Albert', 'natid': '87403303', 'salary': '1000', 'tax': '100'}, {'birthday': '11102000', 'gender': 'F', 'name': 'Lee', 'natid': '878397727', 'salary': ...</msg>
<status status="PASS" starttime="20221107 18:53:47.040" endtime="20221107 18:53:47.040"/>
</kw>
<kw name="POST On Session" library="RequestsLibrary">
<arg>session</arg>
<arg>/calculator/insertMultiple</arg>
<arg>json=${json_obj}</arg>
<arg>expected_status=202</arg>
<doc>Sends a POST request on a previously created HTTP Session.</doc>
<msg timestamp="20221107 18:53:47.096" level="INFO">POST Request : url=http://localhost:8080/calculator/insertMultiple 
 path_url=/calculator/insertMultiple 
 headers={'User-Agent': 'python-requests/2.28.1', 'Accept-Encoding': 'gzip, deflate', 'Accept': '*/*', 'Connection': 'keep-alive', 'Content-Length': '446', 'Content-Type': 'application/json'} 
 body=b'[{"birthday": "11102000", "gender": "M", "name": "Albert", "natid": "87403303", "salary": "1000", "tax": "100"}, {"birthday": "11102000", "gender": "F", "name": "Lee", "natid": "878397727", "salary": "1000", "tax": "100"}, {"birthday": "11102000", "gender": "F", "name": "Bondy", "natid": "786773312", "salary": "1000", "tax": "950"}, {"birthday": "11102000", "gender": "M", "name": "Steve", "natid": "000777444", "salary": "1000", "tax": "950"}]' 
 </msg>
<msg timestamp="20221107 18:53:47.096" level="INFO">POST Response : url=http://localhost:8080/calculator/insertMultiple 
 status=202, reason= 
 headers={'Content-Type': 'text/plain;charset=UTF-8', 'Content-Length': '7', 'Date': 'Mon, 07 Nov 2022 13:23:47 GMT'} 
 body=Alright 
 </msg>
<status status="PASS" starttime="20221107 18:53:47.040" endtime="20221107 18:53:47.096"/>
</kw>
<kw name="GET On Session" library="RequestsLibrary">
<var>${resp}</var>
<arg>session</arg>
<arg>/calculator/taxRelief</arg>
<arg>expected_status=200</arg>
<doc>Sends a GET request on a previously created HTTP Session.</doc>
<msg timestamp="20221107 18:53:47.116" level="INFO">GET Request : url=http://localhost:8080/calculator/taxRelief 
 path_url=/calculator/taxRelief 
 headers={'User-Agent': 'python-requests/2.28.1', 'Accept-Encoding': 'gzip, deflate', 'Accept': '*/*', 'Connection': 'keep-alive'} 
 body=None 
 </msg>
<msg timestamp="20221107 18:53:47.116" level="INFO">GET Response : url=http://localhost:8080/calculator/taxRelief 
 status=200, reason= 
 headers={'Content-Type': 'application/json;charset=UTF-8', 'Transfer-Encoding': 'chunked', 'Date': 'Mon, 07 Nov 2022 13:23:47 GMT'} 
 body=[{"natid":"2222$","name":"roger","relief":"50.00"},{"natid":"3333$","name":"david","relief":"549.00"},{"natid":"2222$","name":"roger","relief":"50.00"},{"natid":"3333$","name":"david","relief":"549.00"},{"natid":"8740$$$$","name":"Albert","relief":"720.00"},{"natid":"8783$$$$$","name":"Lee","relief":"1220.00"},{"natid":"7867$$$$$","name":"Bondy","relief":"540.00"},{"natid":"0007$$$$$","name":"Steve","relief":"50.00"},{"natid":"DA44$","name":"testK","relief":"50.00"},{"natid":"8740$$$$","name":"Albert","relief":"720.00"},{"natid":"8783$$$$$","name":"Lee","relief":"1220.00"},{"natid":"7867$$$$$","name":"Bondy","relief":"540.00"},{"natid":"0007$$$$$","name":"Steve","relief":"50.00"},{"natid":"DA44$","name":"testK","relief":"50.00"},{"natid":"8740$$$$","name":"Albert","relief":"720.00"},{"natid":"8783$$$$$","name":"Lee","relief":"1220.00"},{"natid":"7867$$$$$","name":"Bondy","relief":"540.00"},{"natid":"0007$$$$$","name":"Steve","relief":"50.00"},{"natid":"DA44$","name":"testK","relief":"50.00"},{"natid":"8740$$$$","name":"Albert","relief":"720.00"},{"natid":"8783$$$$$","name":"Lee","relief":"1220.00"},{"natid":"7867$$$$$","name":"Bondy","relief":"540.00"},{"natid":"0007$$$$$","name":"Steve","relief":"50.00"},{"natid":"DA44$","name":"testK","relief":"50.00"},{"natid":"8740$$$$","name":"Albert","relief":"720.00"},{"natid":"8783$$$$$","name":"Lee","relief":"1220.00"},{"natid":"7867$$$$$","name":"Bondy","relief":"540.00"},{"natid":"0007$$$$$","name":"Steve","relief":"50.00"},{"natid":"DA44$","name":"testK","relief":"50.00"},{"natid":"8740$$$$","name":"Albert","relief":"720.00"},{"natid":"8783$$$$$","name":"Lee","relief":"1220.00"},{"natid":"7867$$$$$","name":"Bondy","relief":"540.00"},{"natid":"0007$$$$$","name":"Steve","relief":"50.00"},{"natid":"DA44$","name":"testK","relief":"50.00"},{"natid":"8740$$$$","name":"Albert","relief":"720.00"},{"natid":"8783$$$$$","name":"Lee","relief":"1220.00"},{"natid":"7867$$$$$","name":"Bondy","relief":"540.00"},{"natid":"0007$$$$$","name":"Steve","relief":"50.00"},{"natid":"DA44$","name":"testK","relief":"50.00"},{"natid":"8740$$$$","name":"Albert","relief":"720.00"},{"natid":"8783$$$$$","name":"Lee","relief":"1220.00"},{"natid":"7867$$$$$","name":"Bondy","relief":"540.00"},{"natid":"0007$$$$$","name":"Steve","relief":"50.00"}] 
 </msg>
<msg timestamp="20221107 18:53:47.116" level="INFO">${resp} = &lt;Response [200]&gt;</msg>
<status status="PASS" starttime="20221107 18:53:47.100" endtime="20221107 18:53:47.116"/>
</kw>
<kw name="Log To Console" library="BuiltIn">
<arg>${resp}</arg>
<doc>Logs the given message to the console.</doc>
<status status="PASS" starttime="20221107 18:53:47.116" endtime="20221107 18:53:47.116"/>
</kw>
<kw name="Should Be Equal As Strings" library="BuiltIn">
<arg>${resp.status_code}</arg>
<arg>200</arg>
<doc>Fails if objects are unequal after converting them to strings.</doc>
<msg timestamp="20221107 18:53:47.116" level="INFO">Argument types are:
&lt;class 'int'&gt;
&lt;class 'str'&gt;</msg>
<status status="PASS" starttime="20221107 18:53:47.116" endtime="20221107 18:53:47.121"/>
</kw>
<kw name="Validate Json" library="JSONSchemaLibrary">
<arg>relief-resp-schema.json</arg>
<arg>${resp.content}</arg>
<doc>Validates the sample JSON against the given schema.</doc>
<status status="PASS" starttime="20221107 18:53:47.122" endtime="20221107 18:53:47.128"/>
</kw>
<kw name="Validate Tax Relief" library="Utils">
<arg>${resp.content}</arg>
<doc>This functions Validates AC: US4_AC3,US4_AC4,US4_AC5
ie: AC4 - Rounding to 2 decimals
AC5 - Computed Tax is in between 0.00 and 50.00 then Final Tax relief
amount = 50.00</doc>
<status status="PASS" starttime="20221107 18:53:47.128" endtime="20221107 18:53:47.128"/>
</kw>
<tag>sanity</tag>
<tag>schema_validation</tag>
<status status="PASS" starttime="20221107 18:53:47.036" endtime="20221107 18:53:47.128"/>
</test>
<test id="s1-s1-s1-t2" name="Validate Tax Relief rounding on edge case. In this case Calulated Tax Relief = 50.5 so after normal round Final Tax Relief should be 51" line="25">
<kw name="Create Session" library="RequestsLibrary">
<arg>session</arg>
<arg>${app_url}</arg>
<doc>Create Session: create a HTTP session to a server</doc>
<msg timestamp="20221107 18:53:47.128" level="INFO">Creating Session using : alias=session, url=http://localhost:8080, headers={},                     cookies={}, auth=None, timeout=None, proxies=None, verify=False,                     debug=0 </msg>
<status status="PASS" starttime="20221107 18:53:47.128" endtime="20221107 18:53:47.128"/>
</kw>
<kw name="Create Dictionary" library="BuiltIn">
<var>${body}</var>
<arg>birthday=11101943</arg>
<arg>gender=M</arg>
<arg>name=testK</arg>
<arg>natid=DA444</arg>
<arg>salary=2500</arg>
<arg>tax=1490</arg>
<doc>Creates and returns a dictionary based on the given ``items``.</doc>
<msg timestamp="20221107 18:53:47.128" level="INFO">${body} = {'birthday': '11101943', 'gender': 'M', 'name': 'testK', 'natid': 'DA444', 'salary': '2500', 'tax': '1490'}</msg>
<status status="PASS" starttime="20221107 18:53:47.128" endtime="20221107 18:53:47.128"/>
</kw>
<kw name="POST On Session" library="RequestsLibrary">
<var>${resp1}</var>
<arg>session</arg>
<arg>/calculator/insert</arg>
<arg>json=${body}</arg>
<arg>expected_status=202</arg>
<doc>Sends a POST request on a previously created HTTP Session.</doc>
<msg timestamp="20221107 18:53:47.149" level="INFO">POST Request : url=http://localhost:8080/calculator/insert 
 path_url=/calculator/insert 
 headers={'User-Agent': 'python-requests/2.28.1', 'Accept-Encoding': 'gzip, deflate', 'Accept': '*/*', 'Connection': 'keep-alive', 'Content-Length': '107', 'Content-Type': 'application/json'} 
 body=b'{"birthday": "11101943", "gender": "M", "name": "testK", "natid": "DA444", "salary": "2500", "tax": "1490"}' 
 </msg>
<msg timestamp="20221107 18:53:47.149" level="INFO">POST Response : url=http://localhost:8080/calculator/insert 
 status=202, reason= 
 headers={'Content-Type': 'text/plain;charset=UTF-8', 'Content-Length': '7', 'Date': 'Mon, 07 Nov 2022 13:23:47 GMT'} 
 body=Alright 
 </msg>
<msg timestamp="20221107 18:53:47.149" level="INFO">${resp1} = &lt;Response [202]&gt;</msg>
<status status="PASS" starttime="20221107 18:53:47.128" endtime="20221107 18:53:47.149"/>
</kw>
<kw name="GET On Session" library="RequestsLibrary">
<var>${resp2}</var>
<arg>session</arg>
<arg>/calculator/taxRelief</arg>
<arg>expected_status=200</arg>
<doc>Sends a GET request on a previously created HTTP Session.</doc>
<msg timestamp="20221107 18:53:47.164" level="INFO">GET Request : url=http://localhost:8080/calculator/taxRelief 
 path_url=/calculator/taxRelief 
 headers={'User-Agent': 'python-requests/2.28.1', 'Accept-Encoding': 'gzip, deflate', 'Accept': '*/*', 'Connection': 'keep-alive'} 
 body=None 
 </msg>
<msg timestamp="20221107 18:53:47.164" level="INFO">GET Response : url=http://localhost:8080/calculator/taxRelief 
 status=200, reason= 
 headers={'Content-Type': 'application/json;charset=UTF-8', 'Transfer-Encoding': 'chunked', 'Date': 'Mon, 07 Nov 2022 13:23:47 GMT'} 
 body=[{"natid":"2222$","name":"roger","relief":"50.00"},{"natid":"3333$","name":"david","relief":"549.00"},{"natid":"2222$","name":"roger","relief":"50.00"},{"natid":"3333$","name":"david","relief":"549.00"},{"natid":"8740$$$$","name":"Albert","relief":"720.00"},{"natid":"8783$$$$$","name":"Lee","relief":"1220.00"},{"natid":"7867$$$$$","name":"Bondy","relief":"540.00"},{"natid":"0007$$$$$","name":"Steve","relief":"50.00"},{"natid":"DA44$","name":"testK","relief":"50.00"},{"natid":"8740$$$$","name":"Albert","relief":"720.00"},{"natid":"8783$$$$$","name":"Lee","relief":"1220.00"},{"natid":"7867$$$$$","name":"Bondy","relief":"540.00"},{"natid":"0007$$$$$","name":"Steve","relief":"50.00"},{"natid":"DA44$","name":"testK","relief":"50.00"},{"natid":"8740$$$$","name":"Albert","relief":"720.00"},{"natid":"8783$$$$$","name":"Lee","relief":"1220.00"},{"natid":"7867$$$$$","name":"Bondy","relief":"540.00"},{"natid":"0007$$$$$","name":"Steve","relief":"50.00"},{"natid":"DA44$","name":"testK","relief":"50.00"},{"natid":"8740$$$$","name":"Albert","relief":"720.00"},{"natid":"8783$$$$$","name":"Lee","relief":"1220.00"},{"natid":"7867$$$$$","name":"Bondy","relief":"540.00"},{"natid":"0007$$$$$","name":"Steve","relief":"50.00"},{"natid":"DA44$","name":"testK","relief":"50.00"},{"natid":"8740$$$$","name":"Albert","relief":"720.00"},{"natid":"8783$$$$$","name":"Lee","relief":"1220.00"},{"natid":"7867$$$$$","name":"Bondy","relief":"540.00"},{"natid":"0007$$$$$","name":"Steve","relief":"50.00"},{"natid":"DA44$","name":"testK","relief":"50.00"},{"natid":"8740$$$$","name":"Albert","relief":"720.00"},{"natid":"8783$$$$$","name":"Lee","relief":"1220.00"},{"natid":"7867$$$$$","name":"Bondy","relief":"540.00"},{"natid":"0007$$$$$","name":"Steve","relief":"50.00"},{"natid":"DA44$","name":"testK","relief":"50.00"},{"natid":"8740$$$$","name":"Albert","relief":"720.00"},{"natid":"8783$$$$$","name":"Lee","relief":"1220.00"},{"natid":"7867$$$$$","name":"Bondy","relief":"540.00"},{"natid":"0007$$$$$","name":"Steve","relief":"50.00"},{"natid":"DA44$","name":"testK","relief":"50.00"},{"natid":"8740$$$$","name":"Albert","relief":"720.00"},{"natid":"8783$$$$$","name":"Lee","relief":"1220.00"},{"natid":"7867$$$$$","name":"Bondy","relief":"540.00"},{"natid":"0007$$$$$","name":"Steve","relief":"50.00"},{"natid":"DA44$","name":"testK","relief":"50.00"}] 
 </msg>
<msg timestamp="20221107 18:53:47.164" level="INFO">${resp2} = &lt;Response [200]&gt;</msg>
<status status="PASS" starttime="20221107 18:53:47.149" endtime="20221107 18:53:47.164"/>
</kw>
<kw name="Should Be Equal As Strings" library="BuiltIn">
<arg>${resp2.status_code}</arg>
<arg>200</arg>
<doc>Fails if objects are unequal after converting them to strings.</doc>
<msg timestamp="20221107 18:53:47.164" level="INFO">Argument types are:
&lt;class 'int'&gt;
&lt;class 'str'&gt;</msg>
<status status="PASS" starttime="20221107 18:53:47.164" endtime="20221107 18:53:47.164"/>
</kw>
<kw name="Convert To List" library="Collections">
<var>${resp_li}</var>
<arg>${resp2.json()}</arg>
<doc>Converts the given ``item`` to a Python ``list`` type.</doc>
<msg timestamp="20221107 18:53:47.164" level="INFO">${resp_li} = [{'natid': '2222$', 'name': 'roger', 'relief': '50.00'}, {'natid': '3333$', 'name': 'david', 'relief': '549.00'}, {'natid': '2222$', 'name': 'roger', 'relief': '50.00'}, {'natid': '3333$', 'name': 'da...</msg>
<status status="PASS" starttime="20221107 18:53:47.164" endtime="20221107 18:53:47.164"/>
</kw>
<kw name="Create Dictionary" library="BuiltIn">
<var>${d}</var>
<arg>name=testK</arg>
<doc>Creates and returns a dictionary based on the given ``items``.</doc>
<msg timestamp="20221107 18:53:47.164" level="INFO">${d} = {'name': 'testK'}</msg>
<status status="PASS" starttime="20221107 18:53:47.164" endtime="20221107 18:53:47.164"/>
</kw>
<kw name="Get Dict From List" library="Utils">
<var>${dict}</var>
<arg>${resp_li}</arg>
<arg>${d}</arg>
<doc>Get Dict obj from list of dict</doc>
<msg timestamp="20221107 18:53:47.164" level="INFO">${dict} = {'natid': 'DA44$', 'name': 'testK', 'relief': '50.00'}</msg>
<status status="PASS" starttime="20221107 18:53:47.164" endtime="20221107 18:53:47.164"/>
</kw>
<kw name="Get From Dictionary" library="Collections">
<var>${relief_amt}</var>
<arg>${dict}</arg>
<arg>relief</arg>
<doc>Returns a value from the given ``dictionary`` based on the given ``key``.</doc>
<msg timestamp="20221107 18:53:47.164" level="INFO">${relief_amt} = 50.00</msg>
<status status="PASS" starttime="20221107 18:53:47.164" endtime="20221107 18:53:47.164"/>
</kw>
<kw name="Should Be Equal" library="BuiltIn">
<arg>${relief_amt}</arg>
<arg>51.00</arg>
<doc>Fails if the given objects are unequal.</doc>
<msg timestamp="20221107 18:53:47.173" level="FAIL">50.00 != 51.00</msg>
<status status="FAIL" starttime="20221107 18:53:47.173" endtime="20221107 18:53:47.173"/>
</kw>
<tag>edge_case</tag>
<tag>regression</tag>
<status status="FAIL" starttime="20221107 18:53:47.128" endtime="20221107 18:53:47.174">50.00 != 51.00</status>
</test>
<test id="s1-s1-s1-t3" name="Verify Total Amount in Tax Relief Summary is correct" line="38">
<kw name="Create Session" library="RequestsLibrary">
<arg>session</arg>
<arg>http://localhost:8080</arg>
<doc>Create Session: create a HTTP session to a server</doc>
<msg timestamp="20221107 18:53:47.177" level="INFO">Creating Session using : alias=session, url=http://localhost:8080, headers={},                     cookies={}, auth=None, timeout=None, proxies=None, verify=False,                     debug=0 </msg>
<status status="PASS" starttime="20221107 18:53:47.177" endtime="20221107 18:53:47.177"/>
</kw>
<kw name="GET On Session" library="RequestsLibrary">
<var>${resp}</var>
<arg>session</arg>
<arg>/calculator/taxRelief</arg>
<arg>expected_status=200</arg>
<doc>Sends a GET request on a previously created HTTP Session.</doc>
<msg timestamp="20221107 18:53:47.189" level="INFO">GET Request : url=http://localhost:8080/calculator/taxRelief 
 path_url=/calculator/taxRelief 
 headers={'User-Agent': 'python-requests/2.28.1', 'Accept-Encoding': 'gzip, deflate', 'Accept': '*/*', 'Connection': 'keep-alive'} 
 body=None 
 </msg>
<msg timestamp="20221107 18:53:47.189" level="INFO">GET Response : url=http://localhost:8080/calculator/taxRelief 
 status=200, reason= 
 headers={'Content-Type': 'application/json;charset=UTF-8', 'Transfer-Encoding': 'chunked', 'Date': 'Mon, 07 Nov 2022 13:23:47 GMT'} 
 body=[{"natid":"2222$","name":"roger","relief":"50.00"},{"natid":"3333$","name":"david","relief":"549.00"},{"natid":"2222$","name":"roger","relief":"50.00"},{"natid":"3333$","name":"david","relief":"549.00"},{"natid":"8740$$$$","name":"Albert","relief":"720.00"},{"natid":"8783$$$$$","name":"Lee","relief":"1220.00"},{"natid":"7867$$$$$","name":"Bondy","relief":"540.00"},{"natid":"0007$$$$$","name":"Steve","relief":"50.00"},{"natid":"DA44$","name":"testK","relief":"50.00"},{"natid":"8740$$$$","name":"Albert","relief":"720.00"},{"natid":"8783$$$$$","name":"Lee","relief":"1220.00"},{"natid":"7867$$$$$","name":"Bondy","relief":"540.00"},{"natid":"0007$$$$$","name":"Steve","relief":"50.00"},{"natid":"DA44$","name":"testK","relief":"50.00"},{"natid":"8740$$$$","name":"Albert","relief":"720.00"},{"natid":"8783$$$$$","name":"Lee","relief":"1220.00"},{"natid":"7867$$$$$","name":"Bondy","relief":"540.00"},{"natid":"0007$$$$$","name":"Steve","relief":"50.00"},{"natid":"DA44$","name":"testK","relief":"50.00"},{"natid":"8740$$$$","name":"Albert","relief":"720.00"},{"natid":"8783$$$$$","name":"Lee","relief":"1220.00"},{"natid":"7867$$$$$","name":"Bondy","relief":"540.00"},{"natid":"0007$$$$$","name":"Steve","relief":"50.00"},{"natid":"DA44$","name":"testK","relief":"50.00"},{"natid":"8740$$$$","name":"Albert","relief":"720.00"},{"natid":"8783$$$$$","name":"Lee","relief":"1220.00"},{"natid":"7867$$$$$","name":"Bondy","relief":"540.00"},{"natid":"0007$$$$$","name":"Steve","relief":"50.00"},{"natid":"DA44$","name":"testK","relief":"50.00"},{"natid":"8740$$$$","name":"Albert","relief":"720.00"},{"natid":"8783$$$$$","name":"Lee","relief":"1220.00"},{"natid":"7867$$$$$","name":"Bondy","relief":"540.00"},{"natid":"0007$$$$$","name":"Steve","relief":"50.00"},{"natid":"DA44$","name":"testK","relief":"50.00"},{"natid":"8740$$$$","name":"Albert","relief":"720.00"},{"natid":"8783$$$$$","name":"Lee","relief":"1220.00"},{"natid":"7867$$$$$","name":"Bondy","relief":"540.00"},{"natid":"0007$$$$$","name":"Steve","relief":"50.00"},{"natid":"DA44$","name":"testK","relief":"50.00"},{"natid":"8740$$$$","name":"Albert","relief":"720.00"},{"natid":"8783$$$$$","name":"Lee","relief":"1220.00"},{"natid":"7867$$$$$","name":"Bondy","relief":"540.00"},{"natid":"0007$$$$$","name":"Steve","relief":"50.00"},{"natid":"DA44$","name":"testK","relief":"50.00"}] 
 </msg>
<msg timestamp="20221107 18:53:47.189" level="INFO">${resp} = &lt;Response [200]&gt;</msg>
<status status="PASS" starttime="20221107 18:53:47.177" endtime="20221107 18:53:47.189"/>
</kw>
<kw name="Calculate Tax Amount" library="Utils">
<var>${amount}</var>
<arg>${resp.content}</arg>
<msg timestamp="20221107 18:53:47.193" level="INFO">${amount} = 21838.00</msg>
<status status="PASS" starttime="20221107 18:53:47.189" endtime="20221107 18:53:47.193"/>
</kw>
<kw name="Log To Console" library="BuiltIn">
<arg>${amount}</arg>
<doc>Logs the given message to the console.</doc>
<status status="PASS" starttime="20221107 18:53:47.193" endtime="20221107 18:53:47.194"/>
</kw>
<kw name="GET On Session" library="RequestsLibrary">
<var>${resp}</var>
<arg>session</arg>
<arg>/calculator/taxReliefSummary</arg>
<doc>Sends a GET request on a previously created HTTP Session.</doc>
<msg timestamp="20221107 18:53:47.212" level="INFO">GET Request : url=http://localhost:8080/calculator/taxReliefSummary 
 path_url=/calculator/taxReliefSummary 
 headers={'User-Agent': 'python-requests/2.28.1', 'Accept-Encoding': 'gzip, deflate', 'Accept': '*/*', 'Connection': 'keep-alive'} 
 body=None 
 </msg>
<msg timestamp="20221107 18:53:47.212" level="INFO">GET Response : url=http://localhost:8080/calculator/taxReliefSummary 
 status=200, reason= 
 headers={'Content-Type': 'application/json;charset=UTF-8', 'Transfer-Encoding': 'chunked', 'Date': 'Mon, 07 Nov 2022 13:23:47 GMT'} 
 body={"totalWorkingClassHeroes":"44","totalTaxReliefAmount":"21838.00"} 
 </msg>
<msg timestamp="20221107 18:53:47.212" level="INFO">${resp} = &lt;Response [200]&gt;</msg>
<status status="PASS" starttime="20221107 18:53:47.195" endtime="20221107 18:53:47.212"/>
</kw>
<kw name="Should Be Equal" library="BuiltIn">
<arg>${amount}</arg>
<arg>${resp.json()}[totalTaxReliefAmount]</arg>
<doc>Fails if the given objects are unequal.</doc>
<status status="PASS" starttime="20221107 18:53:47.212" endtime="20221107 18:53:47.212"/>
</kw>
<tag>sanity</tag>
<status status="PASS" starttime="20221107 18:53:47.177" endtime="20221107 18:53:47.212"/>
</test>
<doc>UC4 AC1 to AC6: Get Tax Relief 
 AC1: a GET endpoint which returns a list consist of natid, tax relief amount and name AC2: natid field must be masked from the 5th character onwards with dollar sign $ 
</doc>
<status status="FAIL" starttime="20221107 18:53:46.593" endtime="20221107 18:53:47.212"/>
</suite>
<suite id="s1-s1-s2" name="Insert Records" source="C:\SagarV\Projects\govtech-testassignment-sagarv\api-tests\insert_records.robot">
<test id="s1-s1-s2-t1" name="Insert valid person detail" line="10">
<kw name="Create Session" library="RequestsLibrary">
<arg>session</arg>
<arg>${app_url}</arg>
<doc>Create Session: create a HTTP session to a server</doc>
<msg timestamp="20221107 18:53:47.231" level="INFO">Creating Session using : alias=session, url=http://localhost:8080, headers={},                     cookies={}, auth=None, timeout=None, proxies=None, verify=False,                     debug=0 </msg>
<status status="PASS" starttime="20221107 18:53:47.223" endtime="20221107 18:53:47.232"/>
</kw>
<kw name="Create Dictionary" library="BuiltIn">
<var>${body}</var>
<arg>birthday=11101985</arg>
<arg>gender=M</arg>
<arg>name=Sagar</arg>
<arg>natid=33333</arg>
<arg>salary=1000</arg>
<arg>tax=10</arg>
<doc>Creates and returns a dictionary based on the given ``items``.</doc>
<msg timestamp="20221107 18:53:47.232" level="INFO">${body} = {'birthday': '11101985', 'gender': 'M', 'name': 'Sagar', 'natid': '33333', 'salary': '1000', 'tax': '10'}</msg>
<status status="PASS" starttime="20221107 18:53:47.232" endtime="20221107 18:53:47.232"/>
</kw>
<kw name="POST On Session" library="RequestsLibrary">
<var>${resp}</var>
<arg>session</arg>
<arg>/calculator/insert</arg>
<arg>json=${body}</arg>
<arg>expected_status=202</arg>
<doc>Sends a POST request on a previously created HTTP Session.</doc>
<msg timestamp="20221107 18:53:47.241" level="INFO">POST Request : url=http://localhost:8080/calculator/insert 
 path_url=/calculator/insert 
 headers={'User-Agent': 'python-requests/2.28.1', 'Accept-Encoding': 'gzip, deflate', 'Accept': '*/*', 'Connection': 'keep-alive', 'Content-Length': '105', 'Content-Type': 'application/json'} 
 body=b'{"birthday": "11101985", "gender": "M", "name": "Sagar", "natid": "33333", "salary": "1000", "tax": "10"}' 
 </msg>
<msg timestamp="20221107 18:53:47.241" level="INFO">POST Response : url=http://localhost:8080/calculator/insert 
 status=202, reason= 
 headers={'Content-Type': 'text/plain;charset=UTF-8', 'Content-Length': '7', 'Date': 'Mon, 07 Nov 2022 13:23:47 GMT'} 
 body=Alright 
 </msg>
<msg timestamp="20221107 18:53:47.241" level="INFO">${resp} = &lt;Response [202]&gt;</msg>
<status status="PASS" starttime="20221107 18:53:47.232" endtime="20221107 18:53:47.241"/>
</kw>
<kw name="Log To Console" library="BuiltIn">
<arg>${resp}</arg>
<doc>Logs the given message to the console.</doc>
<status status="PASS" starttime="20221107 18:53:47.241" endtime="20221107 18:53:47.241"/>
</kw>
<tag>positive_tc</tag>
<tag>sanity</tag>
<status status="PASS" starttime="20221107 18:53:47.223" endtime="20221107 18:53:47.241"/>
</test>
<test id="s1-s1-s2-t2" name="Verify Insert Endpoint should not accept Invalid Birthdate" line="17">
<kw name="Create Session" library="RequestsLibrary">
<arg>session</arg>
<arg>${app_url}</arg>
<doc>Create Session: create a HTTP session to a server</doc>
<msg timestamp="20221107 18:53:47.250" level="INFO">Creating Session using : alias=session, url=http://localhost:8080, headers={},                     cookies={}, auth=None, timeout=None, proxies=None, verify=False,                     debug=0 </msg>
<status status="PASS" starttime="20221107 18:53:47.250" endtime="20221107 18:53:47.250"/>
</kw>
<kw name="Create Dictionary" library="BuiltIn">
<var>${body}</var>
<arg>birthday=1110198</arg>
<arg>gender=M</arg>
<arg>name=Sagar</arg>
<arg>natid=33333</arg>
<arg>salary=1000</arg>
<arg>tax=10</arg>
<doc>Creates and returns a dictionary based on the given ``items``.</doc>
<msg timestamp="20221107 18:53:47.250" level="INFO">${body} = {'birthday': '1110198', 'gender': 'M', 'name': 'Sagar', 'natid': '33333', 'salary': '1000', 'tax': '10'}</msg>
<status status="PASS" starttime="20221107 18:53:47.250" endtime="20221107 18:53:47.250"/>
</kw>
<kw name="POST On Session" library="RequestsLibrary">
<var>${resp}</var>
<arg>session</arg>
<arg>/calculator/insert</arg>
<arg>json=${body}</arg>
<arg>expected_status=500</arg>
<doc>Sends a POST request on a previously created HTTP Session.</doc>
<msg timestamp="20221107 18:53:47.357" level="INFO">POST Request : url=http://localhost:8080/calculator/insert 
 path_url=/calculator/insert 
 headers={'User-Agent': 'python-requests/2.28.1', 'Accept-Encoding': 'gzip, deflate', 'Accept': '*/*', 'Connection': 'keep-alive', 'Content-Length': '104', 'Content-Type': 'application/json'} 
 body=b'{"birthday": "1110198", "gender": "M", "name": "Sagar", "natid": "33333", "salary": "1000", "tax": "10"}' 
 </msg>
<msg timestamp="20221107 18:53:47.357" level="INFO">POST Response : url=http://localhost:8080/calculator/insert 
 status=500, reason= 
 headers={'Content-Type': 'application/json;charset=UTF-8', 'Transfer-Encoding': 'chunked', 'Date': 'Mon, 07 Nov 2022 13:23:47 GMT', 'Connection': 'close'} 
 body={"timestamp":"2022-11-07T13:23:47.344+0000","status":500,"error":"Internal Server Error","message":"Text '1110198' could not be parsed at index 4","path":"/calculator/insert"} 
 </msg>
<msg timestamp="20221107 18:53:47.357" level="INFO">${resp} = &lt;Response [500]&gt;</msg>
<status status="PASS" starttime="20221107 18:53:47.250" endtime="20221107 18:53:47.357"/>
</kw>
<kw name="Should Be Equal" library="BuiltIn">
<arg>${resp.json()}[message]</arg>
<arg>Text '1110198' could not be parsed at index 4</arg>
<doc>Fails if the given objects are unequal.</doc>
<status status="PASS" starttime="20221107 18:53:47.357" endtime="20221107 18:53:47.357"/>
</kw>
<kw name="Log To Console" library="BuiltIn">
<arg>${resp}</arg>
<doc>Logs the given message to the console.</doc>
<status status="PASS" starttime="20221107 18:53:47.357" endtime="20221107 18:53:47.357"/>
</kw>
<tag>negative_tc</tag>
<tag>regression</tag>
<status status="PASS" starttime="20221107 18:53:47.250" endtime="20221107 18:53:47.357"/>
</test>
<test id="s1-s1-s2-t3" name="Verify Insert Endpoint should not accept Gender more than 1 character" line="25">
<kw name="Create Session" library="RequestsLibrary">
<arg>session</arg>
<arg>${app_url}</arg>
<doc>Create Session: create a HTTP session to a server</doc>
<msg timestamp="20221107 18:53:47.357" level="INFO">Creating Session using : alias=session, url=http://localhost:8080, headers={},                     cookies={}, auth=None, timeout=None, proxies=None, verify=False,                     debug=0 </msg>
<status status="PASS" starttime="20221107 18:53:47.357" endtime="20221107 18:53:47.357"/>
</kw>
<kw name="Create Dictionary" library="BuiltIn">
<var>${body}</var>
<arg>birthday=11101985</arg>
<arg>gender=Male</arg>
<arg>name=Sagar</arg>
<arg>natid=33333</arg>
<arg>salary=1000</arg>
<arg>tax=10</arg>
<doc>Creates and returns a dictionary based on the given ``items``.</doc>
<msg timestamp="20221107 18:53:47.366" level="INFO">${body} = {'birthday': '11101985', 'gender': 'Male', 'name': 'Sagar', 'natid': '33333', 'salary': '1000', 'tax': '10'}</msg>
<status status="PASS" starttime="20221107 18:53:47.365" endtime="20221107 18:53:47.366"/>
</kw>
<kw name="POST On Session" library="RequestsLibrary">
<var>${resp}</var>
<arg>session</arg>
<arg>/calculator/insert</arg>
<arg>json=${body}</arg>
<arg>expected_status=500</arg>
<doc>Sends a POST request on a previously created HTTP Session.</doc>
<msg timestamp="20221107 18:53:47.722" level="INFO">POST Request : url=http://localhost:8080/calculator/insert 
 path_url=/calculator/insert 
 headers={'User-Agent': 'python-requests/2.28.1', 'Accept-Encoding': 'gzip, deflate', 'Accept': '*/*', 'Connection': 'keep-alive', 'Content-Length': '108', 'Content-Type': 'application/json'} 
 body=b'{"birthday": "11101985", "gender": "Male", "name": "Sagar", "natid": "33333", "salary": "1000", "tax": "10"}' 
 </msg>
<msg timestamp="20221107 18:53:47.722" level="INFO">POST Response : url=http://localhost:8080/calculator/insert 
 status=500, reason= 
 headers={'Content-Type': 'application/json;charset=UTF-8', 'Transfer-Encoding': 'chunked', 'Date': 'Mon, 07 Nov 2022 13:23:47 GMT', 'Connection': 'close'} 
 body={"timestamp":"2022-11-07T13:23:47.716+0000","status":500,"error":"Internal Server Error","message":"could not execute statement; SQL [n/a]; nested exception is org.hibernate.exception.DataException: could not execute statement","path":"/calculator/insert"} 
 </msg>
<msg timestamp="20221107 18:53:47.722" level="INFO">${resp} = &lt;Response [500]&gt;</msg>
<status status="PASS" starttime="20221107 18:53:47.366" endtime="20221107 18:53:47.722"/>
</kw>
<kw name="Should Be Equal" library="BuiltIn">
<arg>${resp.json()}[message]</arg>
<arg>could not execute statement; SQL [n/a]; nested exception is org.hibernate.exception.DataException: could not execute statement</arg>
<doc>Fails if the given objects are unequal.</doc>
<status status="PASS" starttime="20221107 18:53:47.723" endtime="20221107 18:53:47.724"/>
</kw>
<kw name="Log To Console" library="BuiltIn">
<arg>${resp}</arg>
<doc>Logs the given message to the console.</doc>
<status status="PASS" starttime="20221107 18:53:47.724" endtime="20221107 18:53:47.724"/>
</kw>
<tag>negative_tc</tag>
<tag>regression</tag>
<status status="PASS" starttime="20221107 18:53:47.357" endtime="20221107 18:53:47.724"/>
</test>
<test id="s1-s1-s2-t4" name="Insert Multiple person entry" line="34">
<kw name="Create Session" library="RequestsLibrary">
<arg>session</arg>
<arg>${app_url}</arg>
<doc>Create Session: create a HTTP session to a server</doc>
<msg timestamp="20221107 18:53:47.724" level="INFO">Creating Session using : alias=session, url=http://localhost:8080, headers={},                     cookies={}, auth=None, timeout=None, proxies=None, verify=False,                     debug=0 </msg>
<status status="PASS" starttime="20221107 18:53:47.724" endtime="20221107 18:53:47.724"/>
</kw>
<kw name="Load Json From File" library="JSONLibrary">
<var>${json_obj}</var>
<arg>.//test-data//insert_multiple.json</arg>
<doc>Load JSON from file.</doc>
<msg timestamp="20221107 18:53:47.737" level="INFO">${json_obj} = [{'birthday': '11102000', 'gender': 'M', 'name': 'BOB', 'natid': '66666', 'salary': '1000', 'tax': '100'}, {'birthday': '11102000', 'gender': 'F', 'name': 'ROB', 'natid': '33333', 'salary': '1000', 't...</msg>
<status status="PASS" starttime="20221107 18:53:47.724" endtime="20221107 18:53:47.737"/>
</kw>
<kw name="POST On Session" library="RequestsLibrary">
<var>${resp}</var>
<arg>session</arg>
<arg>/calculator/insertMultiple</arg>
<arg>json=${json_obj}</arg>
<arg>expected_status=202</arg>
<doc>Sends a POST request on a previously created HTTP Session.</doc>
<msg timestamp="20221107 18:53:47.748" level="INFO">POST Request : url=http://localhost:8080/calculator/insertMultiple 
 path_url=/calculator/insertMultiple 
 headers={'User-Agent': 'python-requests/2.28.1', 'Accept-Encoding': 'gzip, deflate', 'Accept': '*/*', 'Connection': 'keep-alive', 'Content-Length': '212', 'Content-Type': 'application/json'} 
 body=b'[{"birthday": "11102000", "gender": "M", "name": "BOB", "natid": "66666", "salary": "1000", "tax": "100"}, {"birthday": "11102000", "gender": "F", "name": "ROB", "natid": "33333", "salary": "1000", "tax": "100"}]' 
 </msg>
<msg timestamp="20221107 18:53:47.748" level="INFO">POST Response : url=http://localhost:8080/calculator/insertMultiple 
 status=202, reason= 
 headers={'Content-Type': 'text/plain;charset=UTF-8', 'Content-Length': '7', 'Date': 'Mon, 07 Nov 2022 13:23:47 GMT'} 
 body=Alright 
 </msg>
<msg timestamp="20221107 18:53:47.748" level="INFO">${resp} = &lt;Response [202]&gt;</msg>
<status status="PASS" starttime="20221107 18:53:47.738" endtime="20221107 18:53:47.748"/>
</kw>
<kw name="Log To Console" library="BuiltIn">
<arg>${resp}</arg>
<doc>Logs the given message to the console.</doc>
<status status="PASS" starttime="20221107 18:53:47.748" endtime="20221107 18:53:47.748"/>
</kw>
<tag>multiple_hero</tag>
<status status="PASS" starttime="20221107 18:53:47.724" endtime="20221107 18:53:47.748"/>
</test>
<doc>UC1_AC1: As the Clerk, I should be able to insert a single record of working class hero into database via an API</doc>
<status status="PASS" starttime="20221107 18:53:47.221" endtime="20221107 18:53:47.752"/>
</suite>
<status status="FAIL" starttime="20221107 18:53:46.591" endtime="20221107 18:53:47.756"/>
</suite>
<suite id="s1-s2" name="Ui-Tests" source="C:\SagarV\Projects\govtech-testassignment-sagarv\ui-tests">
<suite id="s1-s2-s1" name="Dispense Tax Relief" source="C:\SagarV\Projects\govtech-testassignment-sagarv\ui-tests\dispense_tax_relief.robot">
<test id="s1-s2-s1-t1" name="UC5: As the Governor, I should be able to see a button on the screen so that I can dispense tax relief for my working class heroes" line="7">
<kw name="Get Driver Path With Browser" library="Utils">
<var>${driver_path}</var>
<arg>${browser}</arg>
<msg timestamp="20221107 18:53:48.871" level="INFO">====== WebDriver manager ======</msg>
<msg timestamp="20221107 18:53:50.469" level="INFO">Get LATEST chromedriver version for google-chrome 107.0.5304</msg>
<msg timestamp="20221107 18:53:51.434" level="INFO">Driver [C:\Users\manis\.wdm\drivers\chromedriver\win32\107.0.5304\chromedriver.exe] found in cache</msg>
<msg timestamp="20221107 18:53:51.434" level="INFO">C:\Users\manis\.wdm\drivers\chromedriver\win32\107.0.5304\chromedriver.exe</msg>
<msg timestamp="20221107 18:53:51.434" level="INFO">${driver_path} = C:\Users\manis\.wdm\drivers\chromedriver\win32\107.0.5304\chromedriver.exe</msg>
<status status="PASS" starttime="20221107 18:53:48.871" endtime="20221107 18:53:51.434"/>
</kw>
<kw name="Create Webdriver" library="SeleniumLibrary">
<arg>Chrome</arg>
<arg>executable_path=${driver_path}</arg>
<doc>Creates an instance of Selenium WebDriver.</doc>
<msg timestamp="20221107 18:53:51.443" level="INFO">Creating an instance of the Chrome WebDriver.</msg>
<status status="PASS" starttime="20221107 18:53:51.443" endtime="20221107 18:53:54.990"/>
</kw>
<kw name="Go To" library="SeleniumLibrary">
<arg>${app_url}</arg>
<doc>Navigates the current browser window to the provided ``url``.</doc>
<msg timestamp="20221107 18:53:54.993" level="INFO">Opening url 'http://localhost:8080'</msg>
<status status="PASS" starttime="20221107 18:53:54.993" endtime="20221107 18:53:56.029"/>
</kw>
<kw name="Get WebElement" library="SeleniumLibrary">
<var>${dispense_btn}</var>
<arg>css:a[href='dispense']</arg>
<doc>Returns the first WebElement matching the given ``locator``.</doc>
<msg timestamp="20221107 18:53:56.098" level="INFO">${dispense_btn} = &lt;selenium.webdriver.remote.webelement.WebElement (session="70de697bd0e8d356a450199d0d37a0cc", element="26e84a99-3748-4dfa-ba6c-9386fead8ee1")&gt;</msg>
<status status="PASS" starttime="20221107 18:53:56.033" endtime="20221107 18:53:56.098"/>
</kw>
<kw name="Element Text Should Be" library="SeleniumLibrary">
<arg>${dispense_btn}</arg>
<arg>Dispense Now</arg>
<doc>Verifies that element ``locator`` contains exact the text ``expected``.</doc>
<msg timestamp="20221107 18:53:56.098" level="INFO">Verifying element '&lt;selenium.webdriver.remote.webelement.WebElement (session="70de697bd0e8d356a450199d0d37a0cc", element="26e84a99-3748-4dfa-ba6c-9386fead8ee1")&gt;' contains exact text 'Dispense Now'.</msg>
<status status="PASS" starttime="20221107 18:53:56.098" endtime="20221107 18:53:56.129"/>
</kw>
<kw name="Get CSS Property Value">
<var>${color}</var>
<arg>${dispense_btn}</arg>
<arg>background-color</arg>
<doc>Get the CSS property value of an Element.</doc>
<kw name="Get WebElement" library="SeleniumLibrary">
<var>${css}</var>
<arg>${locator}</arg>
<doc>Returns the first WebElement matching the given ``locator``.</doc>
<msg timestamp="20221107 18:53:56.130" level="INFO">${css} = &lt;selenium.webdriver.remote.webelement.WebElement (session="70de697bd0e8d356a450199d0d37a0cc", element="26e84a99-3748-4dfa-ba6c-9386fead8ee1")&gt;</msg>
<status status="PASS" starttime="20221107 18:53:56.130" endtime="20221107 18:53:56.130"/>
</kw>
<kw name="Call Method" library="BuiltIn">
<var>${prop_val}</var>
<arg>${css}</arg>
<arg>value_of_css_property</arg>
<arg>${attribute name}</arg>
<doc>Calls the named method of the given object with the provided arguments.</doc>
<msg timestamp="20221107 18:53:56.147" level="INFO">${prop_val} = rgba(220, 53, 69, 1)</msg>
<status status="PASS" starttime="20221107 18:53:56.130" endtime="20221107 18:53:56.147"/>
</kw>
<msg timestamp="20221107 18:53:56.147" level="INFO">${color} = rgba(220, 53, 69, 1)</msg>
<status status="PASS" starttime="20221107 18:53:56.130" endtime="20221107 18:53:56.147"/>
</kw>
<kw name="Should Match" library="BuiltIn">
<arg>${color}</arg>
<arg>rgba(220, 53, 69, 1)</arg>
<doc>Fails if the given ``string`` does not match the given ``pattern``.</doc>
<status status="PASS" starttime="20221107 18:53:56.147" endtime="20221107 18:53:56.147"/>
</kw>
<kw name="Click Button" library="SeleniumLibrary">
<arg>${dispense_btn}</arg>
<doc>Clicks the button identified by ``locator``.</doc>
<msg timestamp="20221107 18:53:56.147" level="INFO">Clicking button '&lt;selenium.webdriver.remote.webelement.WebElement (session="70de697bd0e8d356a450199d0d37a0cc", element="26e84a99-3748-4dfa-ba6c-9386fead8ee1")&gt;'.</msg>
<status status="PASS" starttime="20221107 18:53:56.147" endtime="20221107 18:53:56.456"/>
</kw>
<kw name="Page Should Contain" library="SeleniumLibrary">
<arg>Cash dispensed</arg>
<doc>Verifies that current page contains ``text``.</doc>
<msg timestamp="20221107 18:53:56.480" level="INFO">Current page contains text 'Cash dispensed'.</msg>
<status status="PASS" starttime="20221107 18:53:56.456" endtime="20221107 18:53:56.480"/>
</kw>
<kw name="Close All Browsers" library="SeleniumLibrary" type="TEARDOWN">
<doc>Closes all open browsers and resets the browser cache.</doc>
<status status="PASS" starttime="20221107 18:53:56.480" endtime="20221107 18:53:58.703"/>
</kw>
<tag>postive_tc</tag>
<tag>sanity</tag>
<tag>upload_csv</tag>
<status status="PASS" starttime="20221107 18:53:48.871" endtime="20221107 18:53:58.703"/>
</test>
<status status="PASS" starttime="20221107 18:53:47.762" endtime="20221107 18:53:58.703"/>
</suite>
<suite id="s1-s2-s2" name="Upload Csv Tests" source="C:\SagarV\Projects\govtech-testassignment-sagarv\ui-tests\upload_csv_tests.robot">
<test id="s1-s2-s2-t1" name="Upload Valid CSV" line="9">
<kw name="Get Driver Path With Browser" library="Utils">
<var>${driver_path}</var>
<arg>${browser}</arg>
<msg timestamp="20221107 18:53:58.722" level="INFO">====== WebDriver manager ======</msg>
<msg timestamp="20221107 18:53:59.388" level="INFO">Get LATEST chromedriver version for google-chrome 107.0.5304</msg>
<msg timestamp="20221107 18:54:00.062" level="INFO">Driver [C:\Users\manis\.wdm\drivers\chromedriver\win32\107.0.5304\chromedriver.exe] found in cache</msg>
<msg timestamp="20221107 18:54:00.062" level="INFO">C:\Users\manis\.wdm\drivers\chromedriver\win32\107.0.5304\chromedriver.exe</msg>
<msg timestamp="20221107 18:54:00.062" level="INFO">${driver_path} = C:\Users\manis\.wdm\drivers\chromedriver\win32\107.0.5304\chromedriver.exe</msg>
<status status="PASS" starttime="20221107 18:53:58.722" endtime="20221107 18:54:00.062"/>
</kw>
<kw name="Create Webdriver" library="SeleniumLibrary">
<arg>Chrome</arg>
<arg>executable_path=${driver_path}</arg>
<doc>Creates an instance of Selenium WebDriver.</doc>
<msg timestamp="20221107 18:54:00.062" level="INFO">Creating an instance of the Chrome WebDriver.</msg>
<status status="PASS" starttime="20221107 18:54:00.062" endtime="20221107 18:54:01.727"/>
</kw>
<kw name="Go To" library="SeleniumLibrary">
<arg>${app_url}</arg>
<doc>Navigates the current browser window to the provided ``url``.</doc>
<msg timestamp="20221107 18:54:01.727" level="INFO">Opening url 'http://localhost:8080'</msg>
<status status="PASS" starttime="20221107 18:54:01.727" endtime="20221107 18:54:02.494"/>
</kw>
<kw name="Pwd" library="Utils">
<var>${DIR}</var>
<msg timestamp="20221107 18:54:02.502" level="INFO">${DIR} = C:\SagarV\Projects\govtech-testassignment-sagarv</msg>
<status status="PASS" starttime="20221107 18:54:02.494" endtime="20221107 18:54:02.502"/>
</kw>
<kw name="Log To Console" library="BuiltIn">
<arg>${DIR}</arg>
<doc>Logs the given message to the console.</doc>
<status status="PASS" starttime="20221107 18:54:02.502" endtime="20221107 18:54:02.502"/>
</kw>
<kw name="Choose File" library="SeleniumLibrary">
<arg>css:input[type='file']</arg>
<arg>${DIR}//test-data//sample_data.csv</arg>
<doc>Inputs the ``file_path`` into the file input field ``locator``.</doc>
<msg timestamp="20221107 18:54:02.507" level="INFO">Sending C:\SagarV\Projects\govtech-testassignment-sagarv\test-data\sample_data.csv to browser.</msg>
<status status="PASS" starttime="20221107 18:54:02.502" endtime="20221107 18:54:02.592"/>
</kw>
<kw name="Close All Browsers" library="SeleniumLibrary" type="TEARDOWN">
<doc>Closes all open browsers and resets the browser cache.</doc>
<status status="PASS" starttime="20221107 18:54:02.600" endtime="20221107 18:54:04.771"/>
</kw>
<tag>postive_tc</tag>
<tag>sanity</tag>
<tag>upload_csv</tag>
<status status="PASS" starttime="20221107 18:53:58.720" endtime="20221107 18:54:04.772"/>
</test>
<test id="s1-s2-s2-t2" name="Upload InValid CSV" line="18">
<kw name="Get Driver Path With Browser" library="Utils">
<var>${driver_path}</var>
<arg>${browser}</arg>
<msg timestamp="20221107 18:54:04.773" level="INFO">====== WebDriver manager ======</msg>
<msg timestamp="20221107 18:54:05.371" level="INFO">Get LATEST chromedriver version for google-chrome 107.0.5304</msg>
<msg timestamp="20221107 18:54:06.030" level="INFO">Driver [C:\Users\manis\.wdm\drivers\chromedriver\win32\107.0.5304\chromedriver.exe] found in cache</msg>
<msg timestamp="20221107 18:54:06.030" level="INFO">C:\Users\manis\.wdm\drivers\chromedriver\win32\107.0.5304\chromedriver.exe</msg>
<msg timestamp="20221107 18:54:06.030" level="INFO">${driver_path} = C:\Users\manis\.wdm\drivers\chromedriver\win32\107.0.5304\chromedriver.exe</msg>
<status status="PASS" starttime="20221107 18:54:04.773" endtime="20221107 18:54:06.030"/>
</kw>
<kw name="Create Webdriver" library="SeleniumLibrary">
<arg>Chrome</arg>
<arg>executable_path=${driver_path}</arg>
<doc>Creates an instance of Selenium WebDriver.</doc>
<msg timestamp="20221107 18:54:06.033" level="INFO">Creating an instance of the Chrome WebDriver.</msg>
<status status="PASS" starttime="20221107 18:54:06.032" endtime="20221107 18:54:07.550"/>
</kw>
<kw name="Go To" library="SeleniumLibrary">
<arg>${app_url}</arg>
<doc>Navigates the current browser window to the provided ``url``.</doc>
<msg timestamp="20221107 18:54:07.553" level="INFO">Opening url 'http://localhost:8080'</msg>
<status status="PASS" starttime="20221107 18:54:07.552" endtime="20221107 18:54:08.261"/>
</kw>
<kw name="Pwd" library="Utils">
<var>${DIR}</var>
<msg timestamp="20221107 18:54:08.262" level="INFO">${DIR} = C:\SagarV\Projects\govtech-testassignment-sagarv</msg>
<status status="PASS" starttime="20221107 18:54:08.262" endtime="20221107 18:54:08.262"/>
</kw>
<kw name="Log To Console" library="BuiltIn">
<arg>${DIR}</arg>
<doc>Logs the given message to the console.</doc>
<status status="PASS" starttime="20221107 18:54:08.263" endtime="20221107 18:54:08.263"/>
</kw>
<kw name="Choose File" library="SeleniumLibrary">
<arg>css:input[type='file']</arg>
<arg>${DIR}//test-data//invalid.csv</arg>
<doc>Inputs the ``file_path`` into the file input field ``locator``.</doc>
<msg timestamp="20221107 18:54:08.265" level="INFO">Sending C:\SagarV\Projects\govtech-testassignment-sagarv\test-data\invalid.csv to browser.</msg>
<status status="PASS" starttime="20221107 18:54:08.264" endtime="20221107 18:54:08.336"/>
</kw>
<kw name="Close All Browsers" library="SeleniumLibrary" type="TEARDOWN">
<doc>Closes all open browsers and resets the browser cache.</doc>
<status status="PASS" starttime="20221107 18:54:08.336" endtime="20221107 18:54:10.507"/>
</kw>
<tag>postive_tc</tag>
<tag>sanity</tag>
<tag>upload_csv</tag>
<status status="PASS" starttime="20221107 18:54:04.773" endtime="20221107 18:54:10.507"/>
</test>
<doc>UC3: User can insert recpord through uploading csv</doc>
<status status="PASS" starttime="20221107 18:53:58.712" endtime="20221107 18:54:10.507"/>
</suite>
<status status="PASS" starttime="20221107 18:53:47.756" endtime="20221107 18:54:10.515"/>
</suite>
<status status="FAIL" starttime="20221107 18:53:46.548" endtime="20221107 18:54:10.523"/>
</suite>
<statistics>
<total>
<stat pass="9" fail="1" skip="0">All Tests</stat>
</total>
<tag>
<stat pass="0" fail="1" skip="0">edge_case</stat>
<stat pass="1" fail="0" skip="0">multiple_hero</stat>
<stat pass="2" fail="0" skip="0">negative_tc</stat>
<stat pass="1" fail="0" skip="0">positive_tc</stat>
<stat pass="3" fail="0" skip="0">postive_tc</stat>
<stat pass="2" fail="1" skip="0">regression</stat>
<stat pass="6" fail="0" skip="0">sanity</stat>
<stat pass="1" fail="0" skip="0">schema_validation</stat>
<stat pass="3" fail="0" skip="0">upload_csv</stat>
</tag>
<suite>
<stat pass="9" fail="1" skip="0" id="s1" name="Govtech-Testassignment-Sagarv">Govtech-Testassignment-Sagarv</stat>
<stat pass="6" fail="1" skip="0" id="s1-s1" name="Api-Tests">Govtech-Testassignment-Sagarv.Api-Tests</stat>
<stat pass="2" fail="1" skip="0" id="s1-s1-s1" name="Get Tax Relief">Govtech-Testassignment-Sagarv.Api-Tests.Get Tax Relief</stat>
<stat pass="4" fail="0" skip="0" id="s1-s1-s2" name="Insert Records">Govtech-Testassignment-Sagarv.Api-Tests.Insert Records</stat>
<stat pass="3" fail="0" skip="0" id="s1-s2" name="Ui-Tests">Govtech-Testassignment-Sagarv.Ui-Tests</stat>
<stat pass="1" fail="0" skip="0" id="s1-s2-s1" name="Dispense Tax Relief">Govtech-Testassignment-Sagarv.Ui-Tests.Dispense Tax Relief</stat>
<stat pass="2" fail="0" skip="0" id="s1-s2-s2" name="Upload Csv Tests">Govtech-Testassignment-Sagarv.Ui-Tests.Upload Csv Tests</stat>
</suite>
</statistics>
<errors>
</errors>
</robot>
